[index-2.html]
[0.svg]
[0.png]
[backblue.gif]
[fade.gif]
[index.html]
[manifest.json]
[static/css/main.43594b13.chunk.css]
[index-2.html]
[0.svg]
[static/js/main.eda9c8f8.chunk.js]
[static/js/2.b870cd69.chunk.js]
[static/media/plainBackground.d21e5fd8.png]
[static/media/fd1ad3a0f95210975d2f5607501020b5.6679b4ca.eot]
[static/media/fd1ad3a0f95210975d2f5607501020b5.6679b4cad41d.eot]
[static/media/fd1ad3a0f95210975d2f5607501020b5.ba3c6493.woff2]
[static/media/fd1ad3a0f95210975d2f5607501020b5.a470915c.woff]
[static/media/fd1ad3a0f95210975d2f5607501020b5.ea6d22df.ttf]
[static/media/fd1ad3a0f95210975d2f5607501020b5.5a2a28b0.svg]
[static/media/ncaa-nku-norse-plain.fe0ad8c8.ttf]
[static/media/scrolls.9c3ba97a.svg]
[static/media/rock.93a7866a.svg]
[static/media/scrolls2.51abb218.svg]
[static/media/map.fb88f766.png]
[static/media/fog2.e071c3e7.png]
[static/media/fog1.5cf0ee50.png]
[static/css/main.43594b13.chunk.css]
[static/media/fd1ad3a0f95210975d2f5607501020b5.5a2a28b0.svg]
[static/media/scrolls.9c3ba97a.svg]
[static/media/rock.93a7866a.svg]
[static/media/scrolls2.51abb218.svg]
